[debug] [2024-03-08T08:57:15.984Z] ----------------------------------------------------------------------
[debug] [2024-03-08T08:57:15.986Z] Command:       C:\Program Files\nodejs\node.exe C:\Users\viyas\AppData\Roaming\npm\node_modules\firebase-tools\lib\bin\firebase.js deploy
[debug] [2024-03-08T08:57:15.987Z] CLI Version:   13.4.0
[debug] [2024-03-08T08:57:15.987Z] Platform:      win32
[debug] [2024-03-08T08:57:15.987Z] Node Version:  v20.5.1
[debug] [2024-03-08T08:57:15.987Z] Time:          Fri Mar 08 2024 16:57:15 GMT+0800 (Malaysia Time)
[debug] [2024-03-08T08:57:15.987Z] ----------------------------------------------------------------------
[debug] 
[debug] [2024-03-08T08:57:16.056Z] > command requires scopes: ["email","openid","https://www.googleapis.com/auth/cloudplatformprojects.readonly","https://www.googleapis.com/auth/firebase","https://www.googleapis.com/auth/cloud-platform"]
[debug] [2024-03-08T08:57:16.056Z] > authorizing via signed-in user (oves.psp@gmail.com)
[debug] [2024-03-08T08:57:16.057Z] [iam] checking project online-vehicle-psp for permissions ["firebase.projects.get","firebasehosting.sites.update"]
[debug] [2024-03-08T08:57:16.058Z] >>> [apiv2][query] POST https://cloudresourcemanager.googleapis.com/v1/projects/online-vehicle-psp:testIamPermissions [none]
[debug] [2024-03-08T08:57:16.058Z] >>> [apiv2][(partial)header] POST https://cloudresourcemanager.googleapis.com/v1/projects/online-vehicle-psp:testIamPermissions x-goog-quota-user=projects/online-vehicle-psp
[debug] [2024-03-08T08:57:16.059Z] >>> [apiv2][body] POST https://cloudresourcemanager.googleapis.com/v1/projects/online-vehicle-psp:testIamPermissions {"permissions":["firebase.projects.get","firebasehosting.sites.update"]}
[debug] [2024-03-08T08:57:17.180Z] <<< [apiv2][status] POST https://cloudresourcemanager.googleapis.com/v1/projects/online-vehicle-psp:testIamPermissions 200
[debug] [2024-03-08T08:57:17.180Z] <<< [apiv2][body] POST https://cloudresourcemanager.googleapis.com/v1/projects/online-vehicle-psp:testIamPermissions {"permissions":["firebase.projects.get","firebasehosting.sites.update"]}
[debug] [2024-03-08T08:57:17.181Z] >>> [apiv2][query] GET https://firebase.googleapis.com/v1beta1/projects/online-vehicle-psp [none]
[debug] [2024-03-08T08:57:17.540Z] <<< [apiv2][status] GET https://firebase.googleapis.com/v1beta1/projects/online-vehicle-psp 200
[debug] [2024-03-08T08:57:17.540Z] <<< [apiv2][body] GET https://firebase.googleapis.com/v1beta1/projects/online-vehicle-psp {"projectId":"online-vehicle-psp","projectNumber":"1001104724917","displayName":"online vehicle psp","name":"projects/online-vehicle-psp","resources":{"hostingSite":"online-vehicle-psp"},"state":"ACTIVE","etag":"1_5dd5ce5e-f160-48ca-b63f-d8c719117b18"}
[info] 
[info] === Deploying to 'online-vehicle-psp'...
[info] 
[info] i  deploying hosting 
[debug] [2024-03-08T08:57:17.545Z] >>> [apiv2][query] POST https://firebasehosting.googleapis.com/v1beta1/projects/-/sites/online-vehicle-psp/versions [none]
[debug] [2024-03-08T08:57:17.545Z] >>> [apiv2][body] POST https://firebasehosting.googleapis.com/v1beta1/projects/-/sites/online-vehicle-psp/versions {"status":"CREATED","labels":{"deployment-tool":"cli-firebase"}}
[debug] [2024-03-08T08:57:18.440Z] <<< [apiv2][status] POST https://firebasehosting.googleapis.com/v1beta1/projects/-/sites/online-vehicle-psp/versions 200
[debug] [2024-03-08T08:57:18.440Z] <<< [apiv2][body] POST https://firebasehosting.googleapis.com/v1beta1/projects/-/sites/online-vehicle-psp/versions {"name":"projects/1001104724917/sites/online-vehicle-psp/versions/2282a1b0cca19dc3","status":"CREATED","config":{},"labels":{"deployment-tool":"cli-firebase"}}
[info] i  hosting[online-vehicle-psp]: beginning deploy... 
[info] i  hosting[online-vehicle-psp]: found 30 files in build/web 
[debug] [2024-03-08T08:57:18.451Z] [hosting] uploading with 200 concurrency
[debug] [2024-03-08T08:57:18.456Z] [hosting] hash cache [YnVpbGRcd2Vi] stored for 30 files
[debug] [2024-03-08T08:57:18.456Z] [hosting][hash queue][FINAL] {"max":2,"min":0,"avg":0,"active":0,"complete":30,"success":30,"errored":0,"retried":0,"total":30,"elapsed":3}
[debug] [2024-03-08T08:57:18.456Z] >>> [apiv2][query] POST https://firebasehosting.googleapis.com/v1beta1/projects/1001104724917/sites/online-vehicle-psp/versions/2282a1b0cca19dc3:populateFiles [none]
[debug] [2024-03-08T08:57:18.457Z] >>> [apiv2][body] POST https://firebasehosting.googleapis.com/v1beta1/projects/1001104724917/sites/online-vehicle-psp/versions/2282a1b0cca19dc3:populateFiles {"files":{"/404.html":"daa499dd96d8229e73235345702ba32f0793f0c8e5c0d30e40e37a5872be57aa","/favicon.png":"0cab6e3dd5a9f008afdd133e1e1207cf65f2f2a10eb6712e3c209d8a5f76425a","/flutter.js":"5d84b1725d040afb53ad7f02a0b53378b75f9a2b410017555acd5025b147a164","/flutter_service_worker.js":"07ab6309cf2b8420dada53b983c906133cf86fb270fe2ccaedb9253bfce326ca","/index.html":"5a14587c47cf1e3811f75dcb8c0e90324372fabd0318f41bc744b4ce452f2ebe","/main.dart.js":"033a8ddc9941de05a608569f9a2651e5e4213d70c5297abf9c8b9d8b763c824f","/manifest.json":"9cebbaf971f7bfbb03884f9e7f643ee0e45c031a2478d42553180d99a8e99be4","/version.json":"4071224efd78499bd47cb07006bbbd069ce474702c2ac582a9439e1f00b2c576","/assets/AssetManifest.bin":"93e425eb6f3c87a588cd708f748fc5bb80fa28bf34c6d814b2bd76daa6a6ed27","/assets/AssetManifest.bin.json":"6763aaa55146ec9534c671aaf5a6db93265eaaa8082767ea02eb2ac9b09cbdaa","/assets/AssetManifest.json":"4dc0ac6e0cd8a5aca4a340ed626f7a9410f9abf8c874ee5e6ace847171e71c7a","/assets/FontManifest.json":"638dde6f87e8796f3054f78065f73846fc5e170e081d2501d08e3ceaa300edb5","/assets/NOTICES":"326a48cd09f34be53b2824affeba38d796169a102ed06f861c96536439d5e447","/assets/fonts/MaterialIcons-Regular.otf":"54b4074ff4bb44d19b9de26472e6805c1ec71c73950011a767ec703c6c7fcd63","/assets/packages/cupertino_icons/assets/CupertinoIcons.ttf":"b501b0d579cac021ad1b019709f08d80343ac2718c73d782f448c414a9b0aeca","/assets/shaders/ink_sparkle.frag":"70b54a0a60a1e50bfc473198225b376030380c7b9dddba1ea9ce5180d654451c","/canvaskit/canvaskit.js":"4ea932d635b6d8683253ef24422b89599fc49f1929d70fbf02201e71920facc5","/canvaskit/canvaskit.js.symbols":"105d730a9bf0d31d88d1a0b38b3331ade37c5cff984e984cfd41463ab874c829","/canvaskit/canvaskit.wasm":"cb2cb14e7cee4acccb4aa3d8bb78a8387ccbde7759b169e1b66fec81ca237247","/canvaskit/skwasm.js":"8a38f3081e93804280df9c842709e1c2333a006a326cf7302de14bb7e502a66c","/canvaskit/skwasm.js.symbols":"ba5019c10a164a7daf971a87dfba2bad5f3d3bbafcfb8a4b4b57eaa8e1cd35a3","/canvaskit/skwasm.wasm":"bce976a92238c779c454618971fc99ef3f69c8e57cf27c6f8d8c6cc44dd68970","/canvaskit/skwasm.worker.js":"4d46196245dc222fe063d4554ec2477feb1034714b964029f7f3975a62bba92d","/canvaskit/chromium/canvaskit.js":"23f2bb1aabd2057707d27c0806dc8df6fa57904842c94102c974ee1585e5dad9","/canvaskit/chromium/canvaskit.js.symbols":"0a89dd82541290986fa30d27a4050656143dc7d99ee81ffbc56dc828ddba3baa","/canvaskit/chromium/canvaskit.wasm":"7bc18783d204964e87aca2217b407820a54420d5d2182c4d0ec744e3ab80ec46","/icons/Icon-192.png":"eaf2464bfb1d192fdd192a616f7b858dee456d573c6ec619648a1dcf2bdddfa6","/icons/Icon-512.png":"9cf4cd298ae95acc1f25e97d88aa3f6bbfdf40867ea0f8a854c4393f49d56e64","/icons/Icon-maskable-192.png":"196ce9142a3442ab37ae90cd46c3389e4660400c859b81cbb0538a51b39752eb","/icons/Icon-maskable-512.png":"6833b7c449e0dd24d5e164a53cc4557e643893e675b476b05efcbb9a6aa05bf0"}}
[debug] [2024-03-08T08:57:19.219Z] <<< [apiv2][status] POST https://firebasehosting.googleapis.com/v1beta1/projects/1001104724917/sites/online-vehicle-psp/versions/2282a1b0cca19dc3:populateFiles 200
[debug] [2024-03-08T08:57:19.219Z] <<< [apiv2][body] POST https://firebasehosting.googleapis.com/v1beta1/projects/1001104724917/sites/online-vehicle-psp/versions/2282a1b0cca19dc3:populateFiles {"uploadRequiredHashes":["cb2cb14e7cee4acccb4aa3d8bb78a8387ccbde7759b169e1b66fec81ca237247","bce976a92238c779c454618971fc99ef3f69c8e57cf27c6f8d8c6cc44dd68970"],"uploadUrl":"https://upload-firebasehosting.googleapis.com/upload/sites/online-vehicle-psp/versions/2282a1b0cca19dc3/files"}
[debug] [2024-03-08T08:57:19.220Z] >>> [apiv2][query] POST https://upload-firebasehosting.googleapis.com/upload/sites/online-vehicle-psp/versions/2282a1b0cca19dc3/files/cb2cb14e7cee4acccb4aa3d8bb78a8387ccbde7759b169e1b66fec81ca237247 [none]
[debug] [2024-03-08T08:57:19.220Z] >>> [apiv2][body] POST https://upload-firebasehosting.googleapis.com/upload/sites/online-vehicle-psp/versions/2282a1b0cca19dc3/files/cb2cb14e7cee4acccb4aa3d8bb78a8387ccbde7759b169e1b66fec81ca237247 [stream]
[debug] [2024-03-08T08:57:19.221Z] >>> [apiv2][query] POST https://upload-firebasehosting.googleapis.com/upload/sites/online-vehicle-psp/versions/2282a1b0cca19dc3/files/bce976a92238c779c454618971fc99ef3f69c8e57cf27c6f8d8c6cc44dd68970 [none]
[debug] [2024-03-08T08:57:19.221Z] >>> [apiv2][body] POST https://upload-firebasehosting.googleapis.com/upload/sites/online-vehicle-psp/versions/2282a1b0cca19dc3/files/bce976a92238c779c454618971fc99ef3f69c8e57cf27c6f8d8c6cc44dd68970 [stream]
[debug] [2024-03-08T08:57:19.222Z] [hosting][populate queue][FINAL] {"max":765,"min":765,"avg":765,"active":0,"complete":1,"success":1,"errored":0,"retried":0,"total":1,"elapsed":767}
[debug] [2024-03-08T08:57:19.222Z] [hosting] uploads queued: 2
[debug] [2024-03-08T08:58:23.314Z] [uploadQueue] Retrying task bce976a92238c779c454618971fc99ef3f69c8e57cf27c6f8d8c6cc44dd68970
[debug] [2024-03-08T08:58:23.323Z] >>> [apiv2][query] POST https://upload-firebasehosting.googleapis.com/upload/sites/online-vehicle-psp/versions/2282a1b0cca19dc3/files/bce976a92238c779c454618971fc99ef3f69c8e57cf27c6f8d8c6cc44dd68970 [none]
[debug] [2024-03-08T08:58:23.325Z] >>> [apiv2][body] POST https://upload-firebasehosting.googleapis.com/upload/sites/online-vehicle-psp/versions/2282a1b0cca19dc3/files/bce976a92238c779c454618971fc99ef3f69c8e57cf27c6f8d8c6cc44dd68970 [stream]
[debug] [2024-03-08T08:59:27.791Z] [uploadQueue] Retrying task bce976a92238c779c454618971fc99ef3f69c8e57cf27c6f8d8c6cc44dd68970
[debug] [2024-03-08T08:59:27.795Z] >>> [apiv2][query] POST https://upload-firebasehosting.googleapis.com/upload/sites/online-vehicle-psp/versions/2282a1b0cca19dc3/files/bce976a92238c779c454618971fc99ef3f69c8e57cf27c6f8d8c6cc44dd68970 [none]
[debug] [2024-03-08T08:59:27.795Z] >>> [apiv2][body] POST https://upload-firebasehosting.googleapis.com/upload/sites/online-vehicle-psp/versions/2282a1b0cca19dc3/files/bce976a92238c779c454618971fc99ef3f69c8e57cf27c6f8d8c6cc44dd68970 [stream]
[debug] [2024-03-08T08:59:34.031Z] [uploadQueue] Retrying task cb2cb14e7cee4acccb4aa3d8bb78a8387ccbde7759b169e1b66fec81ca237247
[debug] [2024-03-08T08:59:34.036Z] >>> [apiv2][query] POST https://upload-firebasehosting.googleapis.com/upload/sites/online-vehicle-psp/versions/2282a1b0cca19dc3/files/cb2cb14e7cee4acccb4aa3d8bb78a8387ccbde7759b169e1b66fec81ca237247 [none]
[debug] [2024-03-08T08:59:34.036Z] >>> [apiv2][body] POST https://upload-firebasehosting.googleapis.com/upload/sites/online-vehicle-psp/versions/2282a1b0cca19dc3/files/cb2cb14e7cee4acccb4aa3d8bb78a8387ccbde7759b169e1b66fec81ca237247 [stream]
[debug] [2024-03-08T09:00:33.078Z] [uploadQueue] Retrying task bce976a92238c779c454618971fc99ef3f69c8e57cf27c6f8d8c6cc44dd68970
[debug] [2024-03-08T09:00:33.082Z] >>> [apiv2][query] POST https://upload-firebasehosting.googleapis.com/upload/sites/online-vehicle-psp/versions/2282a1b0cca19dc3/files/bce976a92238c779c454618971fc99ef3f69c8e57cf27c6f8d8c6cc44dd68970 [none]
[debug] [2024-03-08T09:00:33.082Z] >>> [apiv2][body] POST https://upload-firebasehosting.googleapis.com/upload/sites/online-vehicle-psp/versions/2282a1b0cca19dc3/files/bce976a92238c779c454618971fc99ef3f69c8e57cf27c6f8d8c6cc44dd68970 [stream]
[debug] [2024-03-08T09:01:39.960Z] [uploadQueue] Retrying task bce976a92238c779c454618971fc99ef3f69c8e57cf27c6f8d8c6cc44dd68970
[debug] [2024-03-08T09:01:39.961Z] >>> [apiv2][query] POST https://upload-firebasehosting.googleapis.com/upload/sites/online-vehicle-psp/versions/2282a1b0cca19dc3/files/bce976a92238c779c454618971fc99ef3f69c8e57cf27c6f8d8c6cc44dd68970 [none]
[debug] [2024-03-08T09:01:39.961Z] >>> [apiv2][body] POST https://upload-firebasehosting.googleapis.com/upload/sites/online-vehicle-psp/versions/2282a1b0cca19dc3/files/bce976a92238c779c454618971fc99ef3f69c8e57cf27c6f8d8c6cc44dd68970 [stream]
